<?xml version="1.0" encoding="UTF-8"?>
<coverage generated="1774703795177" clover="3.2.0">
  <project timestamp="1774703795177" name="All files">
    <metrics statements="11885" coveredstatements="9381" conditionals="1659" coveredconditionals="1210" methods="239" coveredmethods="185" elements="13783" coveredelements="10776" complexity="0" loc="11885" ncloc="11885" packages="9" files="51" classes="51"/>
    <package name="src">
      <metrics statements="312" coveredstatements="246" conditionals="40" coveredconditionals="29" methods="9" coveredmethods="4"/>
      <file name="App.tsx" path="/Users/kqli/Desktop/Git/src/App.tsx">
        <metrics statements="302" coveredstatements="246" conditionals="39" coveredconditionals="29" methods="8" coveredmethods="4"/>
        <line num="1" count="1" type="stmt"/>
        <line num="2" count="1" type="stmt"/>
        <line num="3" count="1" type="stmt"/>
        <line num="4" count="1" type="stmt"/>
        <line num="5" count="1" type="stmt"/>
        <line num="6" count="1" type="stmt"/>
        <line num="7" count="1" type="stmt"/>
        <line num="8" count="1" type="stmt"/>
        <line num="9" count="1" type="stmt"/>
        <line num="10" count="1" type="stmt"/>
        <line num="11" count="1" type="stmt"/>
        <line num="19" count="1" type="stmt"/>
        <line num="20" count="1" type="stmt"/>
        <line num="21" count="1" type="stmt"/>
        <line num="22" count="1" type="stmt"/>
        <line num="24" count="1" type="cond" truecount="1" falsecount="0"/>
        <line num="25" count="10" type="stmt"/>
        <line num="26" count="10" type="stmt"/>
        <line num="27" count="10" type="stmt"/>
        <line num="28" count="10" type="stmt"/>
        <line num="29" count="10" type="stmt"/>
        <line num="30" count="10" type="stmt"/>
        <line num="31" count="10" type="stmt"/>
        <line num="32" count="10" type="stmt"/>
        <line num="33" count="10" type="stmt"/>
        <line num="34" count="10" type="stmt"/>
        <line num="35" count="10" type="stmt"/>
        <line num="36" count="10" type="stmt"/>
        <line num="37" count="10" type="stmt"/>
        <line num="38" count="10" type="stmt"/>
        <line num="39" count="10" type="stmt"/>
        <line num="40" count="10" type="stmt"/>
        <line num="41" count="10" type="stmt"/>
        <line num="42" count="10" type="stmt"/>
        <line num="43" count="10" type="stmt"/>
        <line num="44" count="10" type="stmt"/>
        <line num="45" count="10" type="stmt"/>
        <line num="46" count="10" type="stmt"/>
        <line num="47" count="10" type="stmt"/>
        <line num="48" count="10" type="stmt"/>
        <line num="49" count="10" type="stmt"/>
        <line num="52" count="10" type="cond" truecount="1" falsecount="0"/>
        <line num="53" count="10" type="cond" truecount="1" falsecount="0"/>
        <line num="55" count="10" type="stmt"/>
        <line num="56" count="10" type="cond" truecount="1" falsecount="0"/>
        <line num="57" count="25" type="stmt"/>
        <line num="58" count="25" type="stmt"/>
        <line num="59" count="10" type="stmt"/>
        <line num="60" count="10" type="stmt"/>
        <line num="62" count="10" type="cond" truecount="1" falsecount="0"/>
        <line num="63" count="3" type="cond" truecount="0" falsecount="1"/>
        <line num="64" count="0" type="stmt"/>
        <line num="65" count="0" type="stmt"/>
        <line num="66" count="10" type="stmt"/>
        <line num="68" count="10" type="stmt"/>
        <line num="69" count="10" type="stmt"/>
        <line num="70" count="10" type="cond" truecount="1" falsecount="1"/>
        <line num="71" count="10" type="stmt"/>
        <line num="72" count="10" type="stmt"/>
        <line num="74" count="10" type="cond" truecount="1" falsecount="0"/>
        <line num="77" count="10" type="stmt"/>
        <line num="79" count="10" type="stmt"/>
        <line num="80" count="10" type="stmt"/>
        <line num="81" count="10" type="stmt"/>
        <line num="82" count="10" type="stmt"/>
        <line num="83" count="10" type="stmt"/>
        <line num="84" count="10" type="stmt"/>
        <line num="85" count="10" type="stmt"/>
        <line num="86" count="10" type="stmt"/>
        <line num="87" count="10" type="stmt"/>
        <line num="88" count="10" type="stmt"/>
        <line num="90" count="10" type="stmt"/>
        <line num="93" count="10" type="cond" truecount="1" falsecount="0"/>
        <line num="94" count="5" type="cond" truecount="0" falsecount="1"/>
        <line num="95" count="5" type="cond" truecount="3" falsecount="0"/>
        <line num="96" count="5" type="cond" truecount="1" falsecount="0"/>
        <line num="97" count="10" type="stmt"/>
        <line num="99" count="10" type="cond" truecount="1" falsecount="0"/>
        <line num="100" count="5" type="cond" truecount="0" falsecount="1"/>
        <line num="101" count="5" type="cond" truecount="1" falsecount="1"/>
        <line num="102" count="10" type="stmt"/>
        <line num="104" count="10" type="cond" truecount="1" falsecount="0"/>
        <line num="107" count="10" type="stmt"/>
        <line num="108" count="0" type="stmt"/>
        <line num="109" count="0" type="stmt"/>
        <line num="110" count="0" type="stmt"/>
        <line num="111" count="0" type="stmt"/>
        <line num="112" count="0" type="stmt"/>
        <line num="113" count="0" type="stmt"/>
        <line num="114" count="10" type="stmt"/>
        <line num="116" count="10" type="stmt"/>
        <line num="117" count="0" type="stmt"/>
        <line num="118" count="0" type="stmt"/>
        <line num="119" count="0" type="stmt"/>
        <line num="120" count="0" type="stmt"/>
        <line num="121" count="0" type="stmt"/>
        <line num="122" count="0" type="stmt"/>
        <line num="123" count="0" type="stmt"/>
        <line num="124" count="0" type="stmt"/>
        <line num="125" count="0" type="stmt"/>
        <line num="126" count="0" type="stmt"/>
        <line num="127" count="0" type="stmt"/>
        <line num="128" count="0" type="stmt"/>
        <line num="129" count="0" type="stmt"/>
        <line num="130" count="0" type="stmt"/>
        <line num="131" count="0" type="stmt"/>
        <line num="132" count="0" type="stmt"/>
        <line num="133" count="10" type="stmt"/>
        <line num="134" count="10" type="stmt"/>
        <line num="135" count="10" type="stmt"/>
        <line num="136" count="10" type="stmt"/>
        <line num="137" count="10" type="stmt"/>
        <line num="138" count="10" type="stmt"/>
        <line num="139" count="10" type="stmt"/>
        <line num="140" count="10" type="stmt"/>
        <line num="141" count="10" type="stmt"/>
        <line num="142" count="10" type="stmt"/>
        <line num="144" count="10" type="stmt"/>
        <line num="145" count="10" type="stmt"/>
        <line num="146" count="0" type="stmt"/>
        <line num="147" count="0" type="stmt"/>
        <line num="148" count="0" type="stmt"/>
        <line num="149" count="10" type="stmt"/>
        <line num="150" count="10" type="stmt"/>
        <line num="153" count="10" type="cond" truecount="1" falsecount="0"/>
        <line num="154" count="3" type="stmt"/>
        <line num="155" count="3" type="stmt"/>
        <line num="156" count="3" type="stmt"/>
        <line num="157" count="3" type="stmt"/>
        <line num="158" count="3" type="stmt"/>
        <line num="159" count="3" type="stmt"/>
        <line num="160" count="3" type="stmt"/>
        <line num="161" count="3" type="stmt"/>
        <line num="162" count="3" type="stmt"/>
        <line num="163" count="3" type="stmt"/>
        <line num="164" count="3" type="stmt"/>
        <line num="165" count="3" type="stmt"/>
        <line num="167" count="3" type="cond" truecount="1" falsecount="0"/>
        <line num="169" count="10" type="cond" truecount="0" falsecount="1"/>
        <line num="170" count="0" type="stmt"/>
        <line num="171" count="0" type="cond" truecount="1" falsecount="0"/>
        <line num="173" count="10" type="cond" truecount="0" falsecount="1"/>
        <line num="174" count="0" type="stmt"/>
        <line num="175" count="0" type="stmt"/>
        <line num="176" count="0" type="stmt"/>
        <line num="177" count="0" type="stmt"/>
        <line num="178" count="0" type="stmt"/>
        <line num="179" count="0" type="stmt"/>
        <line num="180" count="0" type="stmt"/>
        <line num="181" count="0" type="stmt"/>
        <line num="182" count="0" type="stmt"/>
        <line num="183" count="0" type="stmt"/>
        <line num="184" count="0" type="stmt"/>
        <line num="185" count="0" type="stmt"/>
        <line num="186" count="0" type="stmt"/>
        <line num="188" count="0" type="cond" truecount="1" falsecount="0"/>
        <line num="191" count="7" type="cond" truecount="1" falsecount="0"/>
        <line num="192" count="7" type="cond" truecount="0" falsecount="1"/>
        <line num="194" count="7" type="cond" truecount="0" falsecount="1"/>
        <line num="195" count="0" type="stmt"/>
        <line num="196" count="0" type="stmt"/>
        <line num="197" count="0" type="stmt"/>
        <line num="198" count="0" type="stmt"/>
        <line num="199" count="0" type="stmt"/>
        <line num="200" count="0" type="stmt"/>
        <line num="201" count="0" type="stmt"/>
        <line num="202" count="0" type="stmt"/>
        <line num="203" count="0" type="stmt"/>
        <line num="204" count="0" type="stmt"/>
        <line num="205" count="0" type="stmt"/>
        <line num="206" count="0" type="stmt"/>
        <line num="208" count="0" type="stmt"/>
        <line num="210" count="7" type="stmt"/>
        <line num="211" count="7" type="stmt"/>
        <line num="212" count="7" type="stmt"/>
        <line num="213" count="7" type="stmt"/>
        <line num="214" count="7" type="stmt"/>
        <line num="215" count="7" type="stmt"/>
        <line num="216" count="7" type="stmt"/>
        <line num="217" count="7" type="stmt"/>
        <line num="218" count="7" type="stmt"/>
        <line num="220" count="7" type="cond" truecount="1" falsecount="0"/>
        <line num="221" count="56" type="stmt"/>
        <line num="222" count="56" type="stmt"/>
        <line num="223" count="56" type="stmt"/>
        <line num="224" count="56" type="stmt"/>
        <line num="225" count="56" type="cond" truecount="1" falsecount="0"/>
        <line num="226" count="56" type="stmt"/>
        <line num="227" count="56" type="stmt"/>
        <line num="228" count="56" type="stmt"/>
        <line num="229" count="7" type="stmt"/>
        <line num="230" count="7" type="stmt"/>
        <line num="232" count="7" type="stmt"/>
        <line num="234" count="7" type="stmt"/>
        <line num="235" count="7" type="stmt"/>
        <line num="236" count="7" type="stmt"/>
        <line num="237" count="7" type="stmt"/>
        <line num="238" count="7" type="stmt"/>
        <line num="239" count="7" type="stmt"/>
        <line num="240" count="7" type="stmt"/>
        <line num="241" count="7" type="stmt"/>
        <line num="242" count="7" type="stmt"/>
        <line num="243" count="7" type="stmt"/>
        <line num="244" count="7" type="stmt"/>
        <line num="245" count="7" type="stmt"/>
        <line num="246" count="7" type="stmt"/>
        <line num="247" count="7" type="stmt"/>
        <line num="248" count="7" type="stmt"/>
        <line num="249" count="7" type="stmt"/>
        <line num="250" count="7" type="stmt"/>
        <line num="251" count="7" type="cond" truecount="1" falsecount="0"/>
        <line num="252" count="1" type="stmt"/>
        <line num="253" count="1" type="stmt"/>
        <line num="254" count="7" type="stmt"/>
        <line num="255" count="10" type="cond" truecount="2" falsecount="0"/>
        <line num="257" count="10" type="stmt"/>
        <line num="260" count="10" type="stmt"/>
        <line num="261" count="10" type="stmt"/>
        <line num="262" count="10" type="stmt"/>
        <line num="263" count="10" type="stmt"/>
        <line num="264" count="10" type="stmt"/>
        <line num="265" count="10" type="stmt"/>
        <line num="266" count="10" type="stmt"/>
        <line num="267" count="10" type="stmt"/>
        <line num="268" count="10" type="stmt"/>
        <line num="270" count="10" type="stmt"/>
        <line num="271" count="10" type="stmt"/>
        <line num="272" count="10" type="stmt"/>
        <line num="273" count="10" type="stmt"/>
        <line num="274" count="10" type="stmt"/>
        <line num="275" count="10" type="stmt"/>
        <line num="276" count="10" type="stmt"/>
        <line num="277" count="10" type="stmt"/>
        <line num="278" count="10" type="stmt"/>
        <line num="279" count="10" type="stmt"/>
        <line num="280" count="10" type="stmt"/>
        <line num="281" count="10" type="stmt"/>
        <line num="282" count="10" type="stmt"/>
        <line num="283" count="10" type="stmt"/>
        <line num="284" count="10" type="stmt"/>
        <line num="285" count="10" type="stmt"/>
        <line num="287" count="10" type="stmt"/>
        <line num="288" count="10" type="cond" truecount="1" falsecount="1"/>
        <line num="289" count="10" type="stmt"/>
        <line num="291" count="10" type="stmt"/>
        <line num="292" count="10" type="stmt"/>
        <line num="293" count="10" type="stmt"/>
        <line num="294" count="10" type="stmt"/>
        <line num="295" count="10" type="stmt"/>
        <line num="296" count="10" type="stmt"/>
        <line num="298" count="10" type="stmt"/>
        <line num="299" count="10" type="stmt"/>
        <line num="300" count="10" type="stmt"/>
        <line num="301" count="10" type="stmt"/>
        <line num="302" count="10" type="stmt"/>
        <line num="304" count="10" type="stmt"/>
        <line num="305" count="10" type="stmt"/>
        <line num="307" count="10" type="cond" truecount="1" falsecount="0"/>
        <line num="308" count="7" type="stmt"/>
        <line num="309" count="7" type="stmt"/>
        <line num="310" count="7" type="stmt"/>
        <line num="311" count="7" type="stmt"/>
        <line num="312" count="7" type="stmt"/>
        <line num="313" count="7" type="stmt"/>
        <line num="314" count="7" type="stmt"/>
        <line num="315" count="7" type="stmt"/>
        <line num="316" count="7" type="stmt"/>
        <line num="317" count="7" type="stmt"/>
        <line num="318" count="7" type="stmt"/>
        <line num="319" count="7" type="stmt"/>
        <line num="320" count="7" type="stmt"/>
        <line num="321" count="7" type="stmt"/>
        <line num="322" count="7" type="stmt"/>
        <line num="323" count="7" type="stmt"/>
        <line num="324" count="7" type="stmt"/>
        <line num="326" count="7" type="stmt"/>
        <line num="327" count="7" type="stmt"/>
        <line num="329" count="10" type="stmt"/>
        <line num="330" count="10" type="stmt"/>
        <line num="333" count="10" type="cond" truecount="2" falsecount="0"/>
        <line num="334" count="5" type="stmt"/>
        <line num="335" count="5" type="stmt"/>
        <line num="336" count="5" type="stmt"/>
        <line num="337" count="5" type="stmt"/>
        <line num="338" count="5" type="stmt"/>
        <line num="339" count="5" type="stmt"/>
        <line num="340" count="5" type="stmt"/>
        <line num="341" count="5" type="stmt"/>
        <line num="342" count="5" type="stmt"/>
        <line num="343" count="5" type="stmt"/>
        <line num="344" count="5" type="stmt"/>
        <line num="346" count="5" type="stmt"/>
        <line num="347" count="5" type="stmt"/>
        <line num="348" count="5" type="stmt"/>
        <line num="349" count="5" type="stmt"/>
        <line num="350" count="5" type="stmt"/>
        <line num="351" count="5" type="stmt"/>
        <line num="352" count="5" type="stmt"/>
        <line num="354" count="5" type="stmt"/>
        <line num="355" count="5" type="stmt"/>
        <line num="357" count="10" type="stmt"/>
        <line num="359" count="10" type="stmt"/>
      </file>
      <file name="main.tsx" path="/Users/kqli/Desktop/Git/src/main.tsx">
        <metrics statements="10" coveredstatements="0" conditionals="1" coveredconditionals="0" methods="1" coveredmethods="0"/>
        <line num="1" count="0" type="cond" truecount="0" falsecount="1"/>
        <line num="2" count="0" type="stmt"/>
        <line num="3" count="0" type="stmt"/>
        <line num="4" count="0" type="stmt"/>
        <line num="6" count="0" type="stmt"/>
        <line num="7" count="0" type="stmt"/>
        <line num="8" count="0" type="stmt"/>
        <line num="9" count="0" type="stmt"/>
        <line num="10" count="0" type="stmt"/>
        <line num="11" count="0" type="stmt"/>
      </file>
    </package>
    <package name="src.components">
      <metrics statements="3673" coveredstatements="2393" conditionals="314" coveredconditionals="197" methods="53" coveredmethods="20"/>
      <file name="BlockBanners.tsx" path="/Users/kqli/Desktop/Git/src/components/BlockBanners.tsx">
        <metrics statements="208" coveredstatements="52" conditionals="19" coveredconditionals="2" methods="1" coveredmethods="1"/>
        <line num="2" count="1" type="stmt"/>
        <line num="3" count="1" type="stmt"/>
        <line num="5" count="1" type="stmt"/>
        <line num="6" count="1" type="stmt"/>
        <line num="7" count="1" type="stmt"/>
        <line num="8" count="1" type="stmt"/>
        <line num="9" count="1" type="stmt"/>
        <line num="10" count="1" type="stmt"/>
        <line num="11" count="1" type="stmt"/>
        <line num="12" count="1" type="stmt"/>
        <line num="13" count="1" type="stmt"/>
        <line num="14" count="1" type="stmt"/>
        <line num="15" count="1" type="stmt"/>
        <line num="16" count="1" type="stmt"/>
        <line num="17" count="1" type="stmt"/>
        <line num="18" count="1" type="stmt"/>
        <line num="19" count="1" type="stmt"/>
        <line num="20" count="1" type="stmt"/>
        <line num="21" count="1" type="stmt"/>
        <line num="22" count="1" type="stmt"/>
        <line num="23" count="1" type="stmt"/>
        <line num="24" count="1" type="stmt"/>
        <line num="25" count="1" type="stmt"/>
        <line num="26" count="1" type="stmt"/>
        <line num="36" count="1" type="cond" truecount="1" falsecount="0"/>
        <line num="37" count="4" type="stmt"/>
        <line num="38" count="4" type="stmt"/>
        <line num="39" count="4" type="stmt"/>
        <line num="40" count="4" type="stmt"/>
        <line num="41" count="4" type="stmt"/>
        <line num="42" count="4" type="stmt"/>
        <line num="43" count="4" type="stmt"/>
        <line num="44" count="4" type="stmt"/>
        <line num="45" count="4" type="cond" truecount="1" falsecount="0"/>
        <line num="46" count="3" type="stmt"/>
        <line num="47" count="3" type="stmt"/>
        <line num="48" count="3" type="stmt"/>
        <line num="49" count="3" type="stmt"/>
        <line num="50" count="3" type="cond" truecount="0" falsecount="1"/>
        <line num="52" count="3" type="stmt"/>
        <line num="53" count="3" type="stmt"/>
        <line num="54" count="3" type="stmt"/>
        <line num="56" count="3" type="stmt"/>
        <line num="57" count="3" type="stmt"/>
        <line num="58" count="3" type="stmt"/>
        <line num="61" count="4" type="cond" truecount="0" falsecount="2"/>
        <line num="62" count="0" type="stmt"/>
        <line num="63" count="0" type="stmt"/>
        <line num="64" count="0" type="stmt"/>
        <line num="65" count="0" type="stmt"/>
        <line num="67" count="0" type="stmt"/>
        <line num="68" count="0" type="stmt"/>
        <line num="69" count="0" type="stmt"/>
        <line num="70" count="0" type="stmt"/>
        <line num="71" count="0" type="stmt"/>
        <line num="72" count="0" type="stmt"/>
        <line num="73" count="0" type="stmt"/>
        <line num="74" count="0" type="stmt"/>
        <line num="75" count="0" type="stmt"/>
        <line num="76" count="0" type="stmt"/>
        <line num="77" count="0" type="stmt"/>
        <line num="80" count="4" type="cond" truecount="0" falsecount="2"/>
        <line num="81" count="0" type="stmt"/>
        <line num="82" count="0" type="stmt"/>
        <line num="83" count="0" type="stmt"/>
        <line num="84" count="0" type="stmt"/>
        <line num="86" count="0" type="stmt"/>
        <line num="87" count="0" type="stmt"/>
        <line num="89" count="0" type="stmt"/>
        <line num="90" count="0" type="stmt"/>
        <line num="93" count="0" type="stmt"/>
        <line num="94" count="0" type="stmt"/>
        <line num="95" count="0" type="stmt"/>
        <line num="96" count="0" type="stmt"/>
        <line num="99" count="4" type="cond" truecount="0" falsecount="1"/>
        <line num="100" count="0" type="cond" truecount="0" falsecount="1"/>
        <line num="101" count="0" type="cond" truecount="0" falsecount="1"/>
        <line num="102" count="0" type="cond" truecount="0" falsecount="1"/>
        <line num="103" count="0" type="stmt"/>
        <line num="104" count="0" type="stmt"/>
        <line num="105" count="0" type="stmt"/>
        <line num="106" count="0" type="stmt"/>
        <line num="107" count="0" type="stmt"/>
        <line num="108" count="0" type="stmt"/>
        <line num="109" count="0" type="stmt"/>
        <line num="110" count="0" type="stmt"/>
        <line num="112" count="0" type="stmt"/>
        <line num="113" count="0" type="stmt"/>
        <line num="116" count="0" type="stmt"/>
        <line num="117" count="0" type="stmt"/>
        <line num="118" count="0" type="stmt"/>
        <line num="120" count="0" type="stmt"/>
        <line num="121" count="0" type="stmt"/>
        <line num="122" count="0" type="stmt"/>
        <line num="123" count="0" type="stmt"/>
        <line num="124" count="0" type="stmt"/>
        <line num="125" count="0" type="stmt"/>
        <line num="126" count="0" type="stmt"/>
        <line num="127" count="0" type="stmt"/>
        <line num="128" count="0" type="stmt"/>
        <line num="129" count="0" type="stmt"/>
        <line num="130" count="0" type="stmt"/>
        <line num="132" count="0" type="stmt"/>
        <line num="134" count="0" type="stmt"/>
        <line num="136" count="0" type="stmt"/>
        <line num="139" count="4" type="cond" truecount="0" falsecount="1"/>
        <line num="140" count="0" type="cond" truecount="0" falsecount="1"/>
        <line num="141" count="0" type="cond" truecount="0" falsecount="1"/>
        <line num="142" count="0" type="cond" truecount="0" falsecount="1"/>
        <line num="143" count="0" type="cond" truecount="0" falsecount="1"/>
        <line num="144" count="0" type="cond" truecount="0" falsecount="1"/>
        <line num="145" count="0" type="stmt"/>
        <line num="146" count="0" type="stmt"/>
        <line num="147" count="0" type="stmt"/>
        <line num="148" count="0" type="stmt"/>
        <line num="149" count="0" type="stmt"/>
        <line num="150" count="0" type="stmt"/>
        <line num="151" count="0" type="stmt"/>
        <line num="152" count="0" type="stmt"/>
        <line num="153" count="0" type="stmt"/>
        <line num="154" count="0" type="stmt"/>
        <line num="155" count="0" type="stmt"/>
        <line num="158" count="0" type="stmt"/>
        <line num="160" count="0" type="stmt"/>
        <line num="163" count="4" type="cond" truecount="0" falsecount="1"/>
        <line num="164" count="0" type="cond" truecount="0" falsecount="1"/>
        <line num="165" count="0" type="stmt"/>
        <line num="166" count="0" type="stmt"/>
        <line num="167" count="0" type="stmt"/>
        <line num="168" count="0" type="stmt"/>
        <line num="169" count="0" type="stmt"/>
        <line num="170" count="0" type="stmt"/>
        <line num="171" count="0" type="stmt"/>
        <line num="172" count="0" type="stmt"/>
        <line num="173" count="0" type="stmt"/>
        <line num="174" count="0" type="stmt"/>
        <line num="175" count="0" type="stmt"/>
        <line num="176" count="0" type="stmt"/>
        <line num="177" count="0" type="stmt"/>
        <line num="178" count="0" type="stmt"/>
        <line num="179" count="0" type="stmt"/>
        <line num="180" count="0" type="stmt"/>
        <line num="181" count="0" type="stmt"/>
        <line num="182" count="0" type="stmt"/>
        <line num="183" count="0" type="stmt"/>
        <line num="184" count="0" type="stmt"/>
        <line num="185" count="0" type="stmt"/>
        <line num="186" count="0" type="stmt"/>
        <line num="187" count="0" type="stmt"/>
        <line num="188" count="0" type="stmt"/>
        <line num="189" count="0" type="stmt"/>
        <line num="191" count="0" type="stmt"/>
        <line num="192" count="0" type="stmt"/>
        <line num="193" count="0" type="stmt"/>
        <line num="194" count="0" type="stmt"/>
        <line num="195" count="0" type="stmt"/>
        <line num="197" count="0" type="stmt"/>
        <line num="198" count="0" type="stmt"/>
        <line num="199" count="0" type="stmt"/>
        <line num="200" count="0" type="stmt"/>
        <line num="201" count="0" type="stmt"/>
        <line num="202" count="0" type="stmt"/>
        <line num="203" count="0" type="stmt"/>
        <line num="204" count="0" type="stmt"/>
        <line num="205" count="0" type="stmt"/>
        <line num="206" count="0" type="stmt"/>
        <line num="207" count="0" type="stmt"/>
        <line num="208" count="0" type="stmt"/>
        <line num="209" count="0" type="stmt"/>
        <line num="210" count="0" type="stmt"/>
        <line num="211" count="0" type="stmt"/>
        <line num="212" count="0" type="stmt"/>
        <line num="213" count="0" type="stmt"/>
        <line num="214" count="0" type="stmt"/>
        <line num="215" count="0" type="stmt"/>
        <line num="216" count="0" type="stmt"/>
        <line num="217" count="0" type="stmt"/>
        <line num="218" count="0" type="stmt"/>
        <line num="219" count="0" type="stmt"/>
        <line num="220" count="0" type="stmt"/>
        <line num="221" count="0" type="stmt"/>
        <line num="222" count="0" type="stmt"/>
        <line num="223" count="0" type="stmt"/>
        <line num="224" count="0" type="stmt"/>
        <line num="225" count="0" type="stmt"/>
        <line num="226" count="0" type="stmt"/>
        <line num="227" count="0" type="stmt"/>
        <line num="228" count="0" type="stmt"/>
        <line num="229" count="0" type="stmt"/>
        <line num="231" count="0" type="stmt"/>
        <line num="232" count="0" type="stmt"/>
        <line num="233" count="0" type="stmt"/>
        <line num="234" count="0" type="stmt"/>
        <line num="235" count="0" type="stmt"/>
        <line num="236" count="0" type="stmt"/>
        <line num="237" count="0" type="stmt"/>
        <line num="238" count="0" type="stmt"/>
        <line num="239" count="0" type="stmt"/>
        <line num="240" count="0" type="stmt"/>
        <line num="241" count="0" type="stmt"/>
        <line num="242" count="0" type="stmt"/>
        <line num="243" count="0" type="stmt"/>
        <line num="244" count="0" type="stmt"/>
        <line num="246" count="0" type="stmt"/>
        <line num="247" count="0" type="stmt"/>
        <line num="249" count="0" type="stmt"/>
        <line num="250" count="4" type="stmt"/>
        <line num="252" count="4" type="stmt"/>
      </file>
      <file name="BrandMark.tsx" path="/Users/kqli/Desktop/Git/src/components/BrandMark.tsx">
        <metrics statements="25" coveredstatements="25" conditionals="1" coveredconditionals="1" methods="1" coveredmethods="1"/>
        <line num="3" count="1" type="cond" truecount="1" falsecount="0"/>
        <line num="4" count="6" type="stmt"/>
        <line num="5" count="6" type="stmt"/>
        <line num="6" count="6" type="stmt"/>
        <line num="7" count="6" type="stmt"/>
        <line num="8" count="6" type="stmt"/>
        <line num="9" count="6" type="stmt"/>
        <line num="10" count="6" type="stmt"/>
        <line num="11" count="6" type="stmt"/>
        <line num="12" count="6" type="stmt"/>
        <line num="13" count="6" type="stmt"/>
        <line num="15" count="6" type="stmt"/>
        <line num="16" count="6" type="stmt"/>
        <line num="17" count="6" type="stmt"/>
        <line num="18" count="6" type="stmt"/>
        <line num="19" count="6" type="stmt"/>
        <line num="20" count="6" type="stmt"/>
        <line num="21" count="6" type="stmt"/>
        <line num="22" count="6" type="stmt"/>
        <line num="23" count="6" type="stmt"/>
        <line num="24" count="6" type="stmt"/>
        <line num="25" count="6" type="stmt"/>
        <line num="26" count="6" type="stmt"/>
        <line num="28" count="6" type="stmt"/>
        <line num="29" count="6" type="stmt"/>
      </file>
      <file name="DashboardPage.tsx" path="/Users/kqli/Desktop/Git/src/components/DashboardPage.tsx">
        <metrics statements="632" coveredstatements="587" conditionals="15" coveredconditionals="13" methods="13" coveredmethods="2"/>
        <line num="1" count="1" type="stmt"/>
        <line num="2" count="1" type="stmt"/>
        <line num="18" count="1" type="cond" truecount="1" falsecount="0"/>
        <line num="19" count="4" type="stmt"/>
        <line num="20" count="4" type="stmt"/>
        <line num="21" count="4" type="stmt"/>
        <line num="22" count="4" type="stmt"/>
        <line num="23" count="4" type="stmt"/>
        <line num="24" count="4" type="stmt"/>
        <line num="25" count="4" type="stmt"/>
        <line num="26" count="4" type="stmt"/>
        <line num="27" count="4" type="stmt"/>
        <line num="28" count="4" type="stmt"/>
        <line num="29" count="4" type="stmt"/>
        <line num="30" count="4" type="cond" truecount="1" falsecount="0"/>
        <line num="32" count="4" type="stmt"/>
        <line num="33" count="4" type="stmt"/>
        <line num="34" count="4" type="stmt"/>
        <line num="35" count="4" type="stmt"/>
        <line num="36" count="4" type="stmt"/>
        <line num="37" count="4" type="stmt"/>
        <line num="40" count="4" type="stmt"/>
        <line num="41" count="4" type="stmt"/>
        <line num="42" count="4" type="stmt"/>
        <line num="43" count="4" type="stmt"/>
        <line num="44" count="4" type="stmt"/>
        <line num="45" count="4" type="stmt"/>
        <line num="46" count="4" type="stmt"/>
        <line num="47" count="4" type="stmt"/>
        <line num="48" count="4" type="stmt"/>
        <line num="49" count="4" type="stmt"/>
        <line num="51" count="4" type="stmt"/>
        <line num="52" count="4" type="stmt"/>
        <line num="53" count="4" type="stmt"/>
        <line num="55" count="4" type="stmt"/>
        <line num="56" count="4" type="stmt"/>
        <line num="57" count="4" type="stmt"/>
        <line num="60" count="4" type="stmt"/>
        <line num="61" count="4" type="stmt"/>
        <line num="62" count="4" type="stmt"/>
        <line num="63" count="4" type="stmt"/>
        <line num="64" count="4" type="stmt"/>
        <line num="65" count="4" type="stmt"/>
        <line num="68" count="4" type="stmt"/>
        <line num="69" count="4" type="stmt"/>
        <line num="70" count="4" type="stmt"/>
        <line num="71" count="4" type="stmt"/>
        <line num="72" count="4" type="stmt"/>
        <line num="73" count="4" type="stmt"/>
        <line num="74" count="4" type="stmt"/>
        <line num="75" count="4" type="stmt"/>
        <line num="76" count="4" type="stmt"/>
        <line num="77" count="4" type="stmt"/>
        <line num="78" count="4" type="stmt"/>
        <line num="80" count="4" type="stmt"/>
        <line num="81" count="4" type="stmt"/>
        <line num="82" count="4" type="stmt"/>
        <line num="83" count="4" type="stmt"/>
        <line num="84" count="4" type="stmt"/>
        <line num="85" count="4" type="stmt"/>
        <line num="86" count="4" type="stmt"/>
        <line num="87" count="4" type="stmt"/>
        <line num="88" count="4" type="stmt"/>
        <line num="89" count="4" type="stmt"/>
        <line num="90" count="4" type="stmt"/>
        <line num="92" count="4" type="stmt"/>
        <line num="93" count="4" type="stmt"/>
        <line num="94" count="4" type="stmt"/>
        <line num="95" count="4" type="stmt"/>
        <line num="96" count="4" type="stmt"/>
        <line num="97" count="4" type="stmt"/>
        <line num="98" count="4" type="stmt"/>
        <line num="99" count="4" type="stmt"/>
        <line num="100" count="4" type="stmt"/>
        <line num="101" count="4" type="stmt"/>
        <line num="105" count="4" type="stmt"/>
        <line num="106" count="4" type="stmt"/>
        <line num="107" count="4" type="stmt"/>
        <line num="108" count="4" type="stmt"/>
        <line num="109" count="4" type="stmt"/>
        <line num="110" count="4" type="stmt"/>
        <line num="111" count="4" type="stmt"/>
        <line num="112" count="4" type="stmt"/>
        <line num="113" count="4" type="stmt"/>
        <line num="114" count="4" type="stmt"/>
        <line num="115" count="4" type="stmt"/>
        <line num="116" count="4" type="stmt"/>
        <line num="117" count="4" type="stmt"/>
        <line num="118" count="4" type="stmt"/>
        <line num="119" count="4" type="stmt"/>
        <line num="120" count="4" type="stmt"/>
        <line num="122" count="4" type="stmt"/>
        <line num="123" count="4" type="stmt"/>
        <line num="126" count="4" type="stmt"/>
        <line num="127" count="4" type="stmt"/>
        <line num="129" count="4" type="cond" truecount="1" falsecount="0"/>
        <line num="130" count="3" type="stmt"/>
        <line num="131" count="3" type="stmt"/>
        <line num="132" count="3" type="stmt"/>
        <line num="133" count="3" type="stmt"/>
        <line num="134" count="3" type="stmt"/>
        <line num="135" count="3" type="stmt"/>
        <line num="136" count="3" type="stmt"/>
        <line num="137" count="3" type="stmt"/>
        <line num="138" count="3" type="stmt"/>
        <line num="139" count="3" type="stmt"/>
        <line num="140" count="3" type="stmt"/>
        <line num="141" count="3" type="stmt"/>
        <line num="142" count="3" type="stmt"/>
        <line num="143" count="3" type="stmt"/>
        <line num="144" count="3" type="stmt"/>
        <line num="145" count="3" type="stmt"/>
        <line num="146" count="3" type="stmt"/>
        <line num="147" count="0" type="stmt"/>
        <line num="148" count="0" type="stmt"/>
        <line num="149" count="3" type="stmt"/>
        <line num="150" count="0" type="stmt"/>
        <line num="151" count="0" type="stmt"/>
        <line num="153" count="3" type="stmt"/>
        <line num="154" count="3" type="stmt"/>
        <line num="155" count="3" type="stmt"/>
        <line num="156" count="3" type="stmt"/>
        <line num="157" count="3" type="stmt"/>
        <line num="158" count="3" type="stmt"/>
        <line num="159" count="3" type="stmt"/>
        <line num="160" count="3" type="stmt"/>
        <line num="161" count="3" type="stmt"/>
        <line num="162" count="3" type="stmt"/>
        <line num="163" count="3" type="stmt"/>
        <line num="165" count="3" type="stmt"/>
        <line num="166" count="3" type="stmt"/>
        <line num="167" count="3" type="stmt"/>
        <line num="168" count="3" type="stmt"/>
        <line num="170" count="3" type="stmt"/>
        <line num="171" count="3" type="stmt"/>
        <line num="173" count="3" type="stmt"/>
        <line num="174" count="3" type="stmt"/>
        <line num="175" count="3" type="stmt"/>
        <line num="176" count="3" type="stmt"/>
        <line num="177" count="3" type="stmt"/>
        <line num="178" count="3" type="stmt"/>
        <line num="179" count="3" type="stmt"/>
        <line num="180" count="3" type="stmt"/>
        <line num="181" count="3" type="stmt"/>
        <line num="182" count="3" type="stmt"/>
        <line num="183" count="3" type="stmt"/>
        <line num="184" count="3" type="stmt"/>
        <line num="185" count="3" type="stmt"/>
        <line num="186" count="3" type="stmt"/>
        <line num="187" count="3" type="stmt"/>
        <line num="188" count="3" type="stmt"/>
        <line num="189" count="3" type="stmt"/>
        <line num="190" count="3" type="stmt"/>
        <line num="192" count="3" type="stmt"/>
        <line num="193" count="3" type="stmt"/>
        <line num="197" count="4" type="stmt"/>
        <line num="198" count="4" type="stmt"/>
        <line num="199" count="4" type="stmt"/>
        <line num="200" count="4" type="stmt"/>
        <line num="201" count="4" type="stmt"/>
        <line num="202" count="4" type="stmt"/>
        <line num="203" count="4" type="stmt"/>
        <line num="204" count="4" type="stmt"/>
        <line num="205" count="4" type="stmt"/>
        <line num="206" count="4" type="stmt"/>
        <line num="207" count="4" type="stmt"/>
        <line num="208" count="4" type="stmt"/>
        <line num="209" count="4" type="stmt"/>
        <line num="210" count="4" type="stmt"/>
        <line num="211" count="4" type="stmt"/>
        <line num="212" count="4" type="stmt"/>
        <line num="213" count="4" type="stmt"/>
        <line num="214" count="0" type="stmt"/>
        <line num="215" count="0" type="stmt"/>
        <line num="216" count="4" type="stmt"/>
        <line num="217" count="0" type="stmt"/>
        <line num="218" count="0" type="stmt"/>
        <line num="220" count="4" type="stmt"/>
        <line num="221" count="4" type="stmt"/>
        <line num="222" count="4" type="stmt"/>
        <line num="223" count="4" type="stmt"/>
        <line num="224" count="4" type="stmt"/>
        <line num="225" count="4" type="stmt"/>
        <line num="226" count="4" type="stmt"/>
        <line num="227" count="4" type="stmt"/>
        <line num="228" count="4" type="stmt"/>
        <line num="229" count="4" type="stmt"/>
        <line num="230" count="4" type="stmt"/>
        <line num="232" count="4" type="stmt"/>
        <line num="233" count="4" type="stmt"/>
        <line num="234" count="4" type="stmt"/>
        <line num="235" count="4" type="stmt"/>
        <line num="237" count="4" type="stmt"/>
        <line num="238" count="4" type="stmt"/>
        <line num="241" count="4" type="stmt"/>
        <line num="242" count="4" type="stmt"/>
        <line num="243" count="4" type="stmt"/>
        <line num="244" count="4" type="stmt"/>
        <line num="245" count="4" type="stmt"/>
        <line num="246" count="4" type="stmt"/>
        <line num="247" count="4" type="stmt"/>
        <line num="248" count="4" type="stmt"/>
        <line num="249" count="4" type="stmt"/>
        <line num="250" count="4" type="stmt"/>
        <line num="251" count="4" type="stmt"/>
        <line num="252" count="4" type="stmt"/>
        <line num="253" count="4" type="stmt"/>
        <line num="254" count="4" type="stmt"/>
        <line num="255" count="4" type="stmt"/>
        <line num="256" count="4" type="stmt"/>
        <line num="257" count="4" type="stmt"/>
        <line num="258" count="4" type="stmt"/>
        <line num="260" count="4" type="stmt"/>
        <line num="261" count="4" type="stmt"/>
        <line num="262" count="4" type="stmt"/>
        <line num="263" count="4" type="stmt"/>
        <line num="265" count="4" type="stmt"/>
        <line num="266" count="4" type="stmt"/>
        <line num="267" count="4" type="stmt"/>
        <line num="268" count="4" type="stmt"/>
        <line num="269" count="4" type="stmt"/>
        <line num="270" count="4" type="stmt"/>
        <line num="271" count="4" type="stmt"/>
        <line num="272" count="4" type="stmt"/>
        <line num="273" count="4" type="stmt"/>
        <line num="274" count="4" type="stmt"/>
        <line num="275" count="4" type="stmt"/>
        <line num="277" count="4" type="stmt"/>
        <line num="278" count="4" type="stmt"/>
        <line num="279" count="4" type="stmt"/>
        <line num="280" count="4" type="stmt"/>
        <line num="281" count="4" type="stmt"/>
        <line num="282" count="4" type="stmt"/>
        <line num="283" count="4" type="stmt"/>
        <line num="284" count="4" type="stmt"/>
        <line num="285" count="4" type="stmt"/>
        <line num="286" count="4" type="stmt"/>
        <line num="289" count="4" type="stmt"/>
        <line num="291" count="4" type="stmt"/>
        <line num="292" count="4" type="stmt"/>
        <line num="293" count="4" type="stmt"/>
        <line num="294" count="4" type="stmt"/>
        <line num="295" count="4" type="stmt"/>
        <line num="296" count="4" type="stmt"/>
        <line num="298" count="4" type="cond" truecount="1" falsecount="0"/>
        <line num="299" count="36" type="stmt"/>
        <line num="300" count="36" type="stmt"/>
        <line num="301" count="36" type="stmt"/>
        <line num="302" count="36" type="stmt"/>
        <line num="303" count="36" type="stmt"/>
        <line num="304" count="36" type="stmt"/>
        <line num="305" count="36" type="stmt"/>
        <line num="306" count="36" type="stmt"/>
        <line num="307" count="36" type="stmt"/>
        <line num="308" count="36" type="stmt"/>
        <line num="309" count="36" type="stmt"/>
        <line num="311" count="36" type="stmt"/>
        <line num="312" count="36" type="stmt"/>
        <line num="313" count="36" type="stmt"/>
        <line num="314" count="36" type="stmt"/>
        <line num="315" count="36" type="stmt"/>
        <line num="316" count="36" type="stmt"/>
        <line num="317" count="36" type="stmt"/>
        <line num="319" count="36" type="stmt"/>
        <line num="320" count="36" type="stmt"/>
        <line num="321" count="36" type="stmt"/>
        <line num="322" count="36" type="stmt"/>
        <line num="323" count="36" type="stmt"/>
        <line num="324" count="36" type="stmt"/>
        <line num="325" count="36" type="stmt"/>
        <line num="326" count="36" type="stmt"/>
        <line num="327" count="36" type="stmt"/>
        <line num="328" count="36" type="stmt"/>
        <line num="329" count="36" type="stmt"/>
        <line num="330" count="36" type="stmt"/>
        <line num="331" count="36" type="stmt"/>
        <line num="333" count="36" type="stmt"/>
        <line num="334" count="36" type="stmt"/>
        <line num="335" count="36" type="stmt"/>
        <line num="336" count="36" type="stmt"/>
        <line num="337" count="36" type="stmt"/>
        <line num="338" count="36" type="stmt"/>
        <line num="339" count="36" type="stmt"/>
        <line num="340" count="36" type="stmt"/>
        <line num="341" count="36" type="stmt"/>
        <line num="342" count="36" type="stmt"/>
        <line num="344" count="36" type="stmt"/>
        <line num="345" count="36" type="stmt"/>
        <line num="346" count="36" type="stmt"/>
        <line num="348" count="36" type="stmt"/>
        <line num="349" count="36" type="stmt"/>
        <line num="350" count="36" type="stmt"/>
        <line num="351" count="36" type="stmt"/>
        <line num="352" count="36" type="stmt"/>
        <line num="353" count="36" type="stmt"/>
        <line num="354" count="36" type="stmt"/>
        <line num="355" count="36" type="stmt"/>
        <line num="356" count="36" type="stmt"/>
        <line num="358" count="36" type="stmt"/>
        <line num="359" count="36" type="stmt"/>
        <line num="360" count="36" type="stmt"/>
        <line num="361" count="36" type="stmt"/>
        <line num="362" count="36" type="stmt"/>
        <line num="363" count="36" type="stmt"/>
        <line num="364" count="36" type="stmt"/>
        <line num="365" count="36" type="stmt"/>
        <line num="366" count="36" type="stmt"/>
        <line num="368" count="36" type="stmt"/>
        <line num="369" count="36" type="stmt"/>
        <line num="370" count="36" type="stmt"/>
        <line num="372" count="36" type="stmt"/>
        <line num="373" count="36" type="stmt"/>
        <line num="374" count="36" type="stmt"/>
        <line num="375" count="36" type="stmt"/>
        <line num="376" count="36" type="stmt"/>
        <line num="378" count="36" type="stmt"/>
        <line num="379" count="36" type="stmt"/>
        <line num="380" count="36" type="stmt"/>
        <line num="381" count="36" type="stmt"/>
        <line num="382" count="36" type="stmt"/>
        <line num="383" count="36" type="stmt"/>
        <line num="384" count="36" type="stmt"/>
        <line num="385" count="36" type="stmt"/>
        <line num="386" count="36" type="stmt"/>
        <line num="387" count="36" type="stmt"/>
        <line num="388" count="36" type="stmt"/>
        <line num="390" count="36" type="stmt"/>
        <line num="391" count="36" type="stmt"/>
        <line num="392" count="36" type="stmt"/>
        <line num="393" count="36" type="stmt"/>
        <line num="394" count="36" type="stmt"/>
        <line num="395" count="36" type="stmt"/>
        <line num="396" count="36" type="stmt"/>
        <line num="397" count="36" type="stmt"/>
        <line num="398" count="36" type="stmt"/>
        <line num="399" count="36" type="stmt"/>
        <line num="400" count="36" type="stmt"/>
        <line num="401" count="36" type="stmt"/>
        <line num="402" count="36" type="stmt"/>
        <line num="403" count="36" type="stmt"/>
        <line num="405" count="36" type="stmt"/>
        <line num="406" count="36" type="stmt"/>
        <line num="407" count="36" type="cond" truecount="1" falsecount="0"/>
        <line num="408" count="8" type="stmt"/>
        <line num="409" count="8" type="stmt"/>
        <line num="410" count="8" type="stmt"/>
        <line num="411" count="8" type="stmt"/>
        <line num="412" count="8" type="stmt"/>
        <line num="413" count="8" type="stmt"/>
        <line num="414" count="8" type="stmt"/>
        <line num="415" count="8" type="stmt"/>
        <line num="416" count="8" type="stmt"/>
        <line num="417" count="8" type="stmt"/>
        <line num="418" count="8" type="stmt"/>
        <line num="419" count="8" type="stmt"/>
        <line num="420" count="8" type="stmt"/>
        <line num="422" count="8" type="stmt"/>
        <line num="424" count="36" type="stmt"/>
        <line num="425" count="36" type="stmt"/>
        <line num="427" count="36" type="stmt"/>
        <line num="428" count="36" type="stmt"/>
        <line num="429" count="36" type="stmt"/>
        <line num="430" count="36" type="stmt"/>
        <line num="431" count="36" type="stmt"/>
        <line num="432" count="36" type="stmt"/>
        <line num="433" count="36" type="stmt"/>
        <line num="434" count="36" type="stmt"/>
        <line num="435" count="36" type="stmt"/>
        <line num="436" count="36" type="stmt"/>
        <line num="437" count="36" type="stmt"/>
        <line num="439" count="36" type="stmt"/>
        <line num="440" count="36" type="stmt"/>
        <line num="441" count="36" type="cond" truecount="1" falsecount="0"/>
        <line num="442" count="108" type="stmt"/>
        <line num="443" count="108" type="stmt"/>
        <line num="444" count="108" type="stmt"/>
        <line num="445" count="108" type="stmt"/>
        <line num="446" count="108" type="stmt"/>
        <line num="447" count="108" type="stmt"/>
        <line num="448" count="108" type="stmt"/>
        <line num="449" count="108" type="stmt"/>
        <line num="450" count="108" type="stmt"/>
        <line num="451" count="108" type="stmt"/>
        <line num="452" count="108" type="stmt"/>
        <line num="453" count="108" type="stmt"/>
        <line num="454" count="108" type="stmt"/>
        <line num="456" count="108" type="stmt"/>
        <line num="457" count="108" type="stmt"/>
        <line num="458" count="36" type="stmt"/>
        <line num="459" count="36" type="stmt"/>
        <line num="460" count="36" type="stmt"/>
        <line num="461" count="36" type="stmt"/>
        <line num="463" count="36" type="stmt"/>
        <line num="464" count="36" type="stmt"/>
        <line num="465" count="36" type="stmt"/>
        <line num="466" count="36" type="stmt"/>
        <line num="467" count="36" type="stmt"/>
        <line num="468" count="36" type="stmt"/>
        <line num="470" count="36" type="stmt"/>
        <line num="471" count="36" type="cond" truecount="1" falsecount="0"/>
        <line num="472" count="36" type="stmt"/>
        <line num="473" count="36" type="stmt"/>
        <line num="474" count="36" type="stmt"/>
        <line num="475" count="36" type="stmt"/>
        <line num="476" count="36" type="stmt"/>
        <line num="477" count="36" type="stmt"/>
        <line num="478" count="36" type="stmt"/>
        <line num="479" count="36" type="stmt"/>
        <line num="480" count="36" type="stmt"/>
        <line num="481" count="36" type="stmt"/>
        <line num="482" count="36" type="stmt"/>
        <line num="483" count="36" type="stmt"/>
        <line num="484" count="36" type="stmt"/>
        <line num="485" count="36" type="stmt"/>
        <line num="486" count="36" type="stmt"/>
        <line num="488" count="36" type="stmt"/>
        <line num="489" count="36" type="stmt"/>
        <line num="490" count="36" type="stmt"/>
        <line num="491" count="36" type="stmt"/>
        <line num="492" count="4" type="stmt"/>
        <line num="493" count="4" type="stmt"/>
        <line num="494" count="4" type="stmt"/>
        <line num="497" count="4" type="cond" truecount="1" falsecount="0"/>
        <line num="498" count="3" type="stmt"/>
        <line num="499" count="3" type="stmt"/>
        <line num="500" count="3" type="stmt"/>
        <line num="501" count="3" type="stmt"/>
        <line num="502" count="3" type="stmt"/>
        <line num="503" count="3" type="stmt"/>
        <line num="504" count="3" type="stmt"/>
        <line num="505" count="3" type="stmt"/>
        <line num="506" count="3" type="stmt"/>
        <line num="507" count="3" type="stmt"/>
        <line num="508" count="3" type="stmt"/>
        <line num="510" count="3" type="stmt"/>
        <line num="511" count="3" type="stmt"/>
        <line num="512" count="3" type="stmt"/>
        <line num="513" count="3" type="stmt"/>
        <line num="514" count="3" type="stmt"/>
        <line num="515" count="3" type="stmt"/>
        <line num="516" count="3" type="stmt"/>
        <line num="517" count="3" type="stmt"/>
        <line num="518" count="3" type="stmt"/>
        <line num="519" count="3" type="stmt"/>
        <line num="522" count="3" type="stmt"/>
        <line num="523" count="3" type="cond" truecount="1" falsecount="0"/>
        <line num="524" count="2" type="stmt"/>
        <line num="525" count="2" type="cond" truecount="1" falsecount="0"/>
        <line num="526" count="2" type="stmt"/>
        <line num="528" count="2" type="stmt"/>
        <line num="529" count="2" type="stmt"/>
        <line num="530" count="2" type="stmt"/>
        <line num="531" count="2" type="stmt"/>
        <line num="532" count="2" type="stmt"/>
        <line num="533" count="2" type="stmt"/>
        <line num="534" count="2" type="stmt"/>
        <line num="535" count="2" type="stmt"/>
        <line num="536" count="2" type="stmt"/>
        <line num="537" count="2" type="stmt"/>
        <line num="538" count="2" type="stmt"/>
        <line num="539" count="2" type="stmt"/>
        <line num="540" count="2" type="stmt"/>
        <line num="542" count="2" type="stmt"/>
        <line num="543" count="2" type="stmt"/>
        <line num="544" count="2" type="stmt"/>
        <line num="545" count="2" type="stmt"/>
        <line num="546" count="2" type="stmt"/>
        <line num="547" count="2" type="stmt"/>
        <line num="548" count="2" type="stmt"/>
        <line num="549" count="2" type="stmt"/>
        <line num="550" count="2" type="stmt"/>
        <line num="551" count="2" type="stmt"/>
        <line num="552" count="2" type="stmt"/>
        <line num="554" count="2" type="stmt"/>
        <line num="555" count="2" type="stmt"/>
        <line num="556" count="2" type="stmt"/>
        <line num="557" count="2" type="stmt"/>
        <line num="558" count="2" type="stmt"/>
        <line num="559" count="2" type="stmt"/>
        <line num="560" count="2" type="stmt"/>
        <line num="561" count="2" type="stmt"/>
        <line num="562" count="2" type="stmt"/>
        <line num="563" count="2" type="stmt"/>
        <line num="564" count="2" type="stmt"/>
        <line num="566" count="2" type="stmt"/>
        <line num="567" count="2" type="stmt"/>
        <line num="568" count="2" type="cond" truecount="0" falsecount="1"/>
        <line num="569" count="0" type="stmt"/>
        <line num="570" count="0" type="stmt"/>
        <line num="571" count="0" type="stmt"/>
        <line num="573" count="2" type="stmt"/>
        <line num="574" count="2" type="stmt"/>
        <line num="576" count="2" type="stmt"/>
        <line num="577" count="2" type="stmt"/>
        <line num="578" count="2" type="stmt"/>
        <line num="579" count="2" type="stmt"/>
        <line num="580" count="2" type="stmt"/>
        <line num="581" count="2" type="stmt"/>
        <line num="582" count="2" type="stmt"/>
        <line num="583" count="2" type="stmt"/>
        <line num="584" count="2" type="stmt"/>
        <line num="585" count="2" type="stmt"/>
        <line num="586" count="2" type="stmt"/>
        <line num="587" count="2" type="stmt"/>
        <line num="588" count="2" type="stmt"/>
        <line num="589" count="2" type="stmt"/>
        <line num="590" count="2" type="stmt"/>
        <line num="591" count="2" type="stmt"/>
        <line num="592" count="2" type="stmt"/>
        <line num="593" count="2" type="stmt"/>
        <line num="595" count="2" type="stmt"/>
        <line num="597" count="2" type="cond" truecount="1" falsecount="0"/>
        <line num="598" count="1" type="stmt"/>
        <line num="599" count="1" type="stmt"/>
        <line num="600" count="1" type="stmt"/>
        <line num="601" count="1" type="stmt"/>
        <line num="602" count="1" type="stmt"/>
        <line num="603" count="1" type="stmt"/>
        <line num="604" count="1" type="stmt"/>
        <line num="605" count="1" type="stmt"/>
        <line num="606" count="1" type="stmt"/>
        <line num="607" count="1" type="stmt"/>
        <line num="608" count="1" type="stmt"/>
        <line num="609" count="1" type="stmt"/>
        <line num="610" count="1" type="stmt"/>
        <line num="611" count="1" type="stmt"/>
        <line num="613" count="1" type="stmt"/>
        <line num="615" count="2" type="cond" truecount="1" falsecount="0"/>
        <line num="616" count="1" type="cond" truecount="0" falsecount="1"/>
        <line num="617" count="0" type="stmt"/>
        <line num="618" count="0" type="stmt"/>
        <line num="619" count="0" type="stmt"/>
        <line num="620" count="0" type="stmt"/>
        <line num="621" count="0" type="stmt"/>
        <line num="622" count="0" type="stmt"/>
        <line num="623" count="0" type="stmt"/>
        <line num="624" count="0" type="stmt"/>
        <line num="625" count="0" type="stmt"/>
        <line num="626" count="0" type="stmt"/>
        <line num="627" count="0" type="stmt"/>
        <line num="628" count="0" type="stmt"/>
        <line num="629" count="0" type="stmt"/>
        <line num="630" count="0" type="stmt"/>
        <line num="631" count="0" type="stmt"/>
        <line num="632" count="0" type="stmt"/>
        <line num="633" count="0" type="stmt"/>
        <line num="634" count="0" type="stmt"/>
        <line num="636" count="0" type="stmt"/>
        <line num="637" count="0" type="stmt"/>
        <line num="638" count="0" type="stmt"/>
        <line num="639" count="0" type="stmt"/>
        <line num="640" count="0" type="stmt"/>
        <line num="641" count="0" type="stmt"/>
        <line num="642" count="0" type="stmt"/>
        <line num="643" count="0" type="stmt"/>
        <line num="644" count="0" type="stmt"/>
        <line num="645" count="0" type="stmt"/>
        <line num="646" count="0" type="stmt"/>
        <line num="647" count="0" type="stmt"/>
        <line num="648" count="0" type="stmt"/>
        <line num="649" count="0" type="stmt"/>
        <line num="651" count="0" type="stmt"/>
        <line num="652" count="0" type="stmt"/>
        <line num="654" count="1" type="stmt"/>
        <line num="655" count="1" type="stmt"/>
        <line num="656" count="1" type="stmt"/>
        <line num="657" count="1" type="stmt"/>
        <line num="658" count="1" type="stmt"/>
        <line num="659" count="1" type="stmt"/>
        <line num="660" count="1" type="stmt"/>
        <line num="661" count="1" type="stmt"/>
        <line num="662" count="1" type="stmt"/>
        <line num="663" count="1" type="stmt"/>
        <line num="664" count="1" type="stmt"/>
        <line num="665" count="1" type="stmt"/>
        <line num="666" count="1" type="stmt"/>
        <line num="667" count="1" type="stmt"/>
        <line num="669" count="1" type="stmt"/>
        <line num="671" count="2" type="stmt"/>
        <line num="672" count="2" type="stmt"/>
        <line num="674" count="2" type="stmt"/>
        <line num="675" count="2" type="stmt"/>
        <line num="677" count="3" type="cond" truecount="1" falsecount="0"/>
        <line num="678" count="1" type="stmt"/>
        <line num="679" count="1" type="stmt"/>
        <line num="680" count="1" type="stmt"/>
        <line num="681" count="1" type="stmt"/>
        <line num="682" count="1" type="stmt"/>
        <line num="683" count="1" type="stmt"/>
        <line num="684" count="1" type="stmt"/>
        <line num="685" count="1" type="stmt"/>
        <line num="686" count="1" type="stmt"/>
        <line num="687" count="1" type="stmt"/>
        <line num="688" count="1" type="stmt"/>
        <line num="689" count="1" type="stmt"/>
        <line num="691" count="1" type="stmt"/>
        <line num="693" count="3" type="stmt"/>
        <line num="697" count="4" type="stmt"/>
        <line num="698" count="4" type="stmt"/>
        <line num="699" count="4" type="stmt"/>
        <line num="700" count="4" type="stmt"/>
        <line num="701" count="4" type="stmt"/>
        <line num="702" count="4" type="stmt"/>
        <line num="703" count="4" type="stmt"/>
        <line num="704" count="4" type="stmt"/>
        <line num="705" count="4" type="stmt"/>
        <line num="706" count="4" type="stmt"/>
        <line num="707" count="4" type="stmt"/>
        <line num="709" count="4" type="stmt"/>
        <line num="711" count="4" type="stmt"/>
        <line num="712" count="4" type="stmt"/>
        <line num="713" count="4" type="stmt"/>
        <line num="714" count="4" type="stmt"/>
        <line num="715" count="4" type="stmt"/>
        <line num="716" count="4" type="stmt"/>
        <line num="717" count="4" type="stmt"/>
        <line num="719" count="4" type="stmt"/>
        <line num="720" count="4" type="stmt"/>
        <line num="721" count="4" type="stmt"/>
        <line num="722" count="4" type="stmt"/>
        <line num="723" count="4" type="stmt"/>
        <line num="724" count="4" type="stmt"/>
        <line num="725" count="4" type="stmt"/>
        <line num="726" count="4" type="stmt"/>
        <line num="731" count="4" type="stmt"/>
        <line num="732" count="4" type="stmt"/>
        <line num="733" count="4" type="stmt"/>
        <line num="734" count="4" type="stmt"/>
        <line num="737" count="4" type="stmt"/>
        <line num="757" count="4" type="stmt"/>
        <line num="758" count="4" type="stmt"/>
        <line num="760" count="4" type="stmt"/>
      </file>
      <file name="FeedbackSurvey.tsx" path="/Users/kqli/Desktop/Git/src/components/FeedbackSurvey.tsx">
        <metrics statements="375" coveredstatements="361" conditionals="28" coveredconditionals="24" methods="16" coveredmethods="7"/>
        <line num="1" count="1" type="stmt"/>
        <line num="2" count="1" type="stmt"/>
        <line num="3" count="1" type="stmt"/>
        <line num="15" count="1" type="stmt"/>
        <line num="23" count="1" type="cond" truecount="1" falsecount="0"/>
        <line num="24" count="28" type="stmt"/>
        <line num="25" count="28" type="stmt"/>
        <line num="27" count="28" type="cond" truecount="1" falsecount="0"/>
        <line num="28" count="4" type="cond" truecount="1" falsecount="0"/>
        <line num="29" count="4" type="stmt"/>
        <line num="31" count="28" type="cond" truecount="1" falsecount="0"/>
        <line num="32" count="5" type="cond" truecount="1" falsecount="0"/>
        <line num="33" count="5" type="stmt"/>
        <line num="34" count="5" type="cond" truecount="0" falsecount="1"/>
        <line num="35" count="5" type="stmt"/>
        <line num="36" count="5" type="stmt"/>
        <line num="37" count="5" type="stmt"/>
        <line num="39" count="28" type="cond" truecount="1" falsecount="0"/>
        <line num="40" count="2" type="stmt"/>
        <line num="41" count="2" type="stmt"/>
        <line num="42" count="2" type="stmt"/>
        <line num="43" count="2" type="stmt"/>
        <line num="44" count="2" type="stmt"/>
        <line num="45" count="2" type="stmt"/>
        <line num="46" count="2" type="stmt"/>
        <line num="47" count="2" type="cond" truecount="0" falsecount="1"/>
        <line num="48" count="2" type="cond" truecount="0" falsecount="1"/>
        <line num="49" count="0" type="stmt"/>
        <line num="50" count="0" type="stmt"/>
        <line num="51" count="2" type="stmt"/>
        <line num="54" count="28" type="cond" truecount="1" falsecount="0"/>
        <line num="55" count="2" type="stmt"/>
        <line num="56" count="2" type="stmt"/>
        <line num="57" count="2" type="stmt"/>
        <line num="58" count="2" type="stmt"/>
        <line num="59" count="2" type="stmt"/>
        <line num="60" count="2" type="stmt"/>
        <line num="61" count="2" type="stmt"/>
        <line num="62" count="2" type="stmt"/>
        <line num="63" count="2" type="stmt"/>
        <line num="64" count="2" type="stmt"/>
        <line num="65" count="2" type="stmt"/>
        <line num="67" count="2" type="stmt"/>
        <line num="68" count="2" type="stmt"/>
        <line num="69" count="2" type="stmt"/>
        <line num="70" count="2" type="stmt"/>
        <line num="71" count="2" type="stmt"/>
        <line num="72" count="2" type="stmt"/>
        <line num="73" count="2" type="stmt"/>
        <line num="74" count="2" type="stmt"/>
        <line num="75" count="2" type="stmt"/>
        <line num="76" count="2" type="stmt"/>
        <line num="77" count="2" type="stmt"/>
        <line num="79" count="2" type="stmt"/>
        <line num="80" count="2" type="stmt"/>
        <line num="81" count="2" type="stmt"/>
        <line num="83" count="2" type="stmt"/>
        <line num="84" count="2" type="stmt"/>
        <line num="85" count="2" type="stmt"/>
        <line num="86" count="2" type="stmt"/>
        <line num="87" count="2" type="stmt"/>
        <line num="88" count="2" type="stmt"/>
        <line num="89" count="2" type="stmt"/>
        <line num="90" count="2" type="stmt"/>
        <line num="91" count="2" type="stmt"/>
        <line num="93" count="2" type="stmt"/>
        <line num="94" count="2" type="stmt"/>
        <line num="95" count="2" type="stmt"/>
        <line num="97" count="2" type="stmt"/>
        <line num="98" count="2" type="stmt"/>
        <line num="99" count="2" type="stmt"/>
        <line num="101" count="2" type="cond" truecount="1" falsecount="0"/>
        <line num="104" count="26" type="stmt"/>
        <line num="105" count="26" type="stmt"/>
        <line num="106" count="26" type="stmt"/>
        <line num="107" count="26" type="stmt"/>
        <line num="109" count="26" type="stmt"/>
        <line num="110" count="26" type="stmt"/>
        <line num="112" count="26" type="stmt"/>
        <line num="113" count="26" type="stmt"/>
        <line num="114" count="26" type="stmt"/>
        <line num="116" count="26" type="stmt"/>
        <line num="117" count="26" type="stmt"/>
        <line num="119" count="26" type="stmt"/>
        <line num="120" count="26" type="stmt"/>
        <line num="122" count="26" type="stmt"/>
        <line num="123" count="26" type="stmt"/>
        <line num="125" count="26" type="stmt"/>
        <line num="127" count="26" type="stmt"/>
        <line num="128" count="26" type="stmt"/>
        <line num="129" count="26" type="stmt"/>
        <line num="130" count="26" type="cond" truecount="1" falsecount="0"/>
        <line num="131" count="104" type="stmt"/>
        <line num="132" count="104" type="stmt"/>
        <line num="133" count="104" type="stmt"/>
        <line num="134" count="104" type="stmt"/>
        <line num="135" count="104" type="stmt"/>
        <line num="136" count="104" type="stmt"/>
        <line num="137" count="104" type="cond" truecount="1" falsecount="0"/>
        <line num="138" count="104" type="stmt"/>
        <line num="139" count="104" type="stmt"/>
        <line num="140" count="104" type="stmt"/>
        <line num="141" count="104" type="stmt"/>
        <line num="142" count="26" type="stmt"/>
        <line num="143" count="26" type="stmt"/>
        <line num="144" count="26" type="stmt"/>
        <line num="147" count="26" type="cond" truecount="1" falsecount="0"/>
        <line num="148" count="2" type="stmt"/>
        <line num="149" count="2" type="stmt"/>
        <line num="150" count="2" type="stmt"/>
        <line num="151" count="2" type="stmt"/>
        <line num="152" count="2" type="stmt"/>
        <line num="153" count="2" type="stmt"/>
        <line num="154" count="2" type="stmt"/>
        <line num="155" count="2" type="stmt"/>
        <line num="156" count="2" type="stmt"/>
        <line num="157" count="2" type="stmt"/>
        <line num="161" count="28" type="stmt"/>
        <line num="162" count="28" type="stmt"/>
        <line num="163" count="28" type="stmt"/>
        <line num="164" count="28" type="stmt"/>
        <line num="165" count="28" type="stmt"/>
        <line num="166" count="28" type="stmt"/>
        <line num="167" count="28" type="stmt"/>
        <line num="168" count="28" type="stmt"/>
        <line num="169" count="28" type="stmt"/>
        <line num="170" count="28" type="stmt"/>
        <line num="173" count="28" type="stmt"/>
        <line num="174" count="28" type="stmt"/>
        <line num="175" count="28" type="stmt"/>
        <line num="176" count="28" type="stmt"/>
        <line num="177" count="28" type="stmt"/>
        <line num="178" count="28" type="stmt"/>
        <line num="179" count="28" type="stmt"/>
        <line num="180" count="28" type="stmt"/>
        <line num="181" count="28" type="stmt"/>
        <line num="182" count="28" type="stmt"/>
        <line num="185" count="28" type="stmt"/>
        <line num="186" count="28" type="stmt"/>
        <line num="187" count="28" type="stmt"/>
        <line num="188" count="28" type="cond" truecount="1" falsecount="0"/>
        <line num="189" count="130" type="stmt"/>
        <line num="190" count="130" type="stmt"/>
        <line num="191" count="130" type="stmt"/>
        <line num="192" count="130" type="stmt"/>
        <line num="193" count="130" type="cond" truecount="1" falsecount="0"/>
        <line num="194" count="130" type="stmt"/>
        <line num="195" count="130" type="stmt"/>
        <line num="196" count="130" type="stmt"/>
        <line num="197" count="130" type="stmt"/>
        <line num="198" count="28" type="stmt"/>
        <line num="199" count="28" type="stmt"/>
        <line num="200" count="28" type="stmt"/>
        <line num="203" count="28" type="cond" truecount="1" falsecount="0"/>
        <line num="204" count="1" type="stmt"/>
        <line num="205" count="1" type="stmt"/>
        <line num="206" count="1" type="stmt"/>
        <line num="207" count="1" type="stmt"/>
        <line num="208" count="1" type="stmt"/>
        <line num="209" count="1" type="stmt"/>
        <line num="210" count="1" type="stmt"/>
        <line num="211" count="1" type="stmt"/>
        <line num="212" count="1" type="stmt"/>
        <line num="213" count="1" type="stmt"/>
        <line num="217" count="28" type="stmt"/>
        <line num="218" count="28" type="stmt"/>
        <line num="219" count="28" type="stmt"/>
        <line num="220" count="28" type="stmt"/>
        <line num="221" count="28" type="stmt"/>
        <line num="222" count="28" type="stmt"/>
        <line num="223" count="28" type="stmt"/>
        <line num="224" count="28" type="stmt"/>
        <line num="225" count="28" type="stmt"/>
        <line num="226" count="28" type="stmt"/>
        <line num="229" count="28" type="stmt"/>
        <line num="230" count="28" type="stmt"/>
        <line num="231" count="28" type="stmt"/>
        <line num="232" count="28" type="cond" truecount="1" falsecount="0"/>
        <line num="233" count="130" type="stmt"/>
        <line num="234" count="130" type="stmt"/>
        <line num="235" count="130" type="stmt"/>
        <line num="236" count="130" type="stmt"/>
        <line num="237" count="130" type="cond" truecount="1" falsecount="0"/>
        <line num="238" count="130" type="stmt"/>
        <line num="239" count="130" type="stmt"/>
        <line num="240" count="130" type="stmt"/>
        <line num="241" count="130" type="stmt"/>
        <line num="242" count="28" type="stmt"/>
        <line num="243" count="28" type="stmt"/>
        <line num="244" count="28" type="stmt"/>
        <line num="247" count="28" type="cond" truecount="1" falsecount="0"/>
        <line num="248" count="2" type="stmt"/>
        <line num="249" count="2" type="stmt"/>
        <line num="250" count="2" type="stmt"/>
        <line num="251" count="2" type="stmt"/>
        <line num="252" count="2" type="stmt"/>
        <line num="254" count="2" type="stmt"/>
        <line num="255" count="2" type="stmt"/>
        <line num="256" count="2" type="stmt"/>
        <line num="258" count="2" type="stmt"/>
        <line num="259" count="2" type="stmt"/>
        <line num="260" count="2" type="stmt"/>
        <line num="261" count="2" type="stmt"/>
        <line num="262" count="2" type="stmt"/>
        <line num="263" count="2" type="stmt"/>
        <line num="264" count="2" type="stmt"/>
        <line num="265" count="2" type="stmt"/>
        <line num="266" count="2" type="stmt"/>
        <line num="268" count="2" type="stmt"/>
        <line num="269" count="2" type="stmt"/>
        <line num="270" count="2" type="stmt"/>
        <line num="271" count="2" type="stmt"/>
        <line num="272" count="2" type="stmt"/>
        <line num="273" count="2" type="stmt"/>
        <line num="274" count="2" type="stmt"/>
        <line num="275" count="2" type="stmt"/>
        <line num="276" count="2" type="stmt"/>
        <line num="278" count="2" type="stmt"/>
        <line num="279" count="2" type="stmt"/>
        <line num="280" count="2" type="stmt"/>
        <line num="281" count="2" type="stmt"/>
        <line num="282" count="2" type="stmt"/>
        <line num="283" count="2" type="stmt"/>
        <line num="284" count="2" type="stmt"/>
        <line num="285" count="2" type="stmt"/>
        <line num="286" count="2" type="stmt"/>
        <line num="287" count="2" type="stmt"/>
        <line num="291" count="28" type="cond" truecount="1" falsecount="0"/>
        <line num="292" count="2" type="stmt"/>
        <line num="293" count="2" type="stmt"/>
        <line num="294" count="2" type="stmt"/>
        <line num="295" count="2" type="stmt"/>
        <line num="296" count="2" type="stmt"/>
        <line num="297" count="2" type="stmt"/>
        <line num="298" count="2" type="stmt"/>
        <line num="299" count="2" type="stmt"/>
        <line num="300" count="2" type="stmt"/>
        <line num="301" count="2" type="stmt"/>
        <line num="305" count="28" type="stmt"/>
        <line num="306" count="28" type="stmt"/>
        <line num="307" count="28" type="stmt"/>
        <line num="308" count="28" type="stmt"/>
        <line num="309" count="28" type="stmt"/>
        <line num="310" count="28" type="stmt"/>
        <line num="311" count="28" type="stmt"/>
        <line num="312" count="28" type="stmt"/>
        <line num="313" count="28" type="stmt"/>
        <line num="315" count="28" type="stmt"/>
        <line num="317" count="28" type="stmt"/>
        <line num="318" count="28" type="stmt"/>
        <line num="319" count="28" type="stmt"/>
        <line num="320" count="28" type="stmt"/>
        <line num="321" count="28" type="stmt"/>
        <line num="322" count="28" type="stmt"/>
        <line num="323" count="28" type="cond" truecount="2" falsecount="0"/>
        <line num="324" count="28" type="cond" truecount="2" falsecount="0"/>
        <line num="325" count="28" type="stmt"/>
        <line num="326" count="28" type="stmt"/>
        <line num="328" count="28" type="cond" truecount="2" falsecount="0"/>
        <line num="329" count="28" type="stmt"/>
        <line num="330" count="28" type="stmt"/>
        <line num="332" count="28" type="cond" truecount="0" falsecount="1"/>
        <line num="333" count="0" type="stmt"/>
        <line num="334" count="0" type="stmt"/>
        <line num="335" count="0" type="stmt"/>
        <line num="336" count="0" type="stmt"/>
        <line num="337" count="0" type="stmt"/>
        <line num="338" count="0" type="stmt"/>
        <line num="339" count="0" type="stmt"/>
        <line num="340" count="0" type="stmt"/>
        <line num="341" count="0" type="stmt"/>
        <line num="342" count="0" type="stmt"/>
        <line num="343" count="0" type="stmt"/>
        <line num="345" count="0" type="stmt"/>
        <line num="347" count="28" type="stmt"/>
        <line num="348" count="28" type="stmt"/>
        <line num="350" count="28" type="stmt"/>
        <line num="354" count="1" type="stmt"/>
        <line num="355" count="1" type="stmt"/>
        <line num="356" count="1" type="stmt"/>
        <line num="357" count="1" type="stmt"/>
        <line num="358" count="1" type="stmt"/>
        <line num="360" count="1" type="stmt"/>
        <line num="361" count="1" type="stmt"/>
        <line num="362" count="1" type="stmt"/>
        <line num="363" count="1" type="stmt"/>
        <line num="364" count="1" type="stmt"/>
        <line num="365" count="1" type="stmt"/>
        <line num="366" count="1" type="stmt"/>
        <line num="367" count="1" type="stmt"/>
        <line num="369" count="1" type="stmt"/>
        <line num="370" count="1" type="stmt"/>
        <line num="371" count="1" type="stmt"/>
        <line num="372" count="1" type="stmt"/>
        <line num="373" count="1" type="stmt"/>
        <line num="374" count="1" type="stmt"/>
        <line num="375" count="1" type="stmt"/>
        <line num="376" count="1" type="stmt"/>
        <line num="377" count="1" type="stmt"/>
        <line num="378" count="1" type="stmt"/>
        <line num="379" count="1" type="stmt"/>
        <line num="381" count="1" type="stmt"/>
        <line num="382" count="1" type="stmt"/>
        <line num="383" count="1" type="stmt"/>
        <line num="384" count="1" type="stmt"/>
        <line num="386" count="1" type="stmt"/>
        <line num="387" count="1" type="stmt"/>
        <line num="388" count="1" type="stmt"/>
        <line num="389" count="1" type="stmt"/>
        <line num="390" count="1" type="stmt"/>
        <line num="391" count="1" type="stmt"/>
        <line num="392" count="1" type="stmt"/>
        <line num="393" count="1" type="stmt"/>
        <line num="394" count="1" type="stmt"/>
        <line num="395" count="1" type="stmt"/>
        <line num="396" count="1" type="stmt"/>
        <line num="397" count="1" type="stmt"/>
        <line num="399" count="1" type="stmt"/>
        <line num="400" count="1" type="stmt"/>
        <line num="401" count="1" type="stmt"/>
        <line num="402" count="1" type="stmt"/>
        <line num="403" count="1" type="stmt"/>
        <line num="404" count="1" type="stmt"/>
        <line num="405" count="1" type="stmt"/>
        <line num="406" count="1" type="stmt"/>
        <line num="407" count="1" type="stmt"/>
        <line num="408" count="1" type="stmt"/>
        <line num="410" count="1" type="stmt"/>
        <line num="411" count="1" type="stmt"/>
        <line num="412" count="1" type="stmt"/>
        <line num="413" count="1" type="stmt"/>
        <line num="414" count="1" type="stmt"/>
        <line num="415" count="1" type="stmt"/>
        <line num="416" count="1" type="stmt"/>
        <line num="417" count="1" type="stmt"/>
        <line num="419" count="1" type="stmt"/>
        <line num="420" count="1" type="stmt"/>
        <line num="421" count="1" type="stmt"/>
        <line num="422" count="1" type="stmt"/>
        <line num="423" count="1" type="stmt"/>
        <line num="424" count="1" type="stmt"/>
        <line num="425" count="1" type="stmt"/>
        <line num="426" count="1" type="stmt"/>
        <line num="427" count="1" type="stmt"/>
        <line num="428" count="1" type="stmt"/>
        <line num="429" count="1" type="stmt"/>
        <line num="430" count="1" type="stmt"/>
        <line num="431" count="1" type="stmt"/>
        <line num="432" count="1" type="stmt"/>
        <line num="434" count="1" type="stmt"/>
        <line num="435" count="1" type="stmt"/>
        <line num="436" count="1" type="stmt"/>
        <line num="437" count="1" type="stmt"/>
        <line num="438" count="1" type="stmt"/>
        <line num="439" count="1" type="stmt"/>
        <line num="440" count="1" type="stmt"/>
        <line num="441" count="1" type="stmt"/>
        <line num="442" count="1" type="stmt"/>
        <line num="443" count="1" type="stmt"/>
        <line num="444" count="1" type="stmt"/>
        <line num="445" count="1" type="stmt"/>
        <line num="446" count="1" type="stmt"/>
        <line num="447" count="1" type="stmt"/>
        <line num="449" count="1" type="stmt"/>
        <line num="450" count="1" type="stmt"/>
        <line num="451" count="1" type="stmt"/>
        <line num="452" count="1" type="stmt"/>
        <line num="453" count="1" type="stmt"/>
        <line num="454" count="1" type="stmt"/>
        <line num="455" count="1" type="stmt"/>
        <line num="456" count="1" type="stmt"/>
        <line num="457" count="1" type="stmt"/>
        <line num="458" count="1" type="stmt"/>
        <line num="459" count="1" type="stmt"/>
        <line num="460" count="1" type="stmt"/>
      </file>
      <file name="HandoffPage.tsx" path="/Users/kqli/Desktop/Git/src/components/HandoffPage.tsx">
        <metrics statements="586" coveredstatements="7" conditionals="0" coveredconditionals="0" methods="1" coveredmethods="0"/>
        <line num="1" count="1" type="stmt"/>
        <line num="2" count="1" type="stmt"/>
        <line num="3" count="1" type="stmt"/>
        <line num="4" count="1" type="stmt"/>
        <line num="5" count="1" type="stmt"/>
        <line num="9" count="1" type="stmt"/>
        <line num="18" count="1" type="stmt"/>
[...]
        <line num="200" count="1" type="stmt"/>
        <line num="201" count="1" type="stmt"/>
        <line num="202" count="1" type="stmt"/>
        <line num="203" count="1" type="stmt"/>
        <line num="204" count="1" type="stmt"/>
        <line num="205" count="1" type="stmt"/>
        <line num="206" count="1" type="stmt"/>
        <line num="207" count="1" type="stmt"/>
        <line num="208" count="1" type="stmt"/>
        <line num="209" count="1" type="stmt"/>
        <line num="210" count="1" type="stmt"/>
        <line num="211" count="1" type="stmt"/>
        <line num="212" count="1" type="stmt"/>
        <line num="213" count="1" type="stmt"/>
        <line num="214" count="1" type="stmt"/>
        <line num="215" count="1" type="stmt"/>
        <line num="216" count="1" type="stmt"/>
        <line num="217" count="1" type="stmt"/>
        <line num="218" count="1" type="stmt"/>
        <line num="219" count="1" type="stmt"/>
        <line num="220" count="1" type="stmt"/>
        <line num="221" count="1" type="stmt"/>
        <line num="222" count="1" type="stmt"/>
        <line num="223" count="1" type="stmt"/>
        <line num="224" count="1" type="stmt"/>
        <line num="225" count="1" type="stmt"/>
        <line num="226" count="1" type="stmt"/>
        <line num="227" count="1" type="stmt"/>
        <line num="228" count="1" type="stmt"/>
        <line num="229" count="1" type="stmt"/>
        <line num="230" count="1" type="stmt"/>
        <line num="231" count="1" type="stmt"/>
        <line num="232" count="1" type="stmt"/>
        <line num="233" count="1" type="stmt"/>
        <line num="234" count="1" type="stmt"/>
        <line num="235" count="1" type="stmt"/>
        <line num="236" count="1" type="stmt"/>
        <line num="237" count="1" type="stmt"/>
        <line num="238" count="1" type="stmt"/>
        <line num="239" count="1" type="stmt"/>
        <line num="240" count="1" type="stmt"/>
        <line num="241" count="1" type="stmt"/>
        <line num="242" count="1" type="stmt"/>
        <line num="243" count="1" type="stmt"/>
        <line num="244" count="1" type="stmt"/>
        <line num="245" count="1" type="stmt"/>
        <line num="246" count="1" type="stmt"/>
        <line num="247" count="1" type="stmt"/>
        <line num="248" count="1" type="stmt"/>
        <line num="249" count="1" type="stmt"/>
        <line num="250" count="1" type="stmt"/>
        <line num="251" count="1" type="stmt"/>
        <line num="252" count="1" type="stmt"/>
        <line num="253" count="1" type="stmt"/>
        <line num="254" count="1" type="stmt"/>
        <line num="255" count="1" type="stmt"/>
        <line num="256" count="1" type="stmt"/>
        <line num="257" count="1" type="stmt"/>
        <line num="258" count="1" type="stmt"/>
        <line num="259" count="1" type="stmt"/>
        <line num="260" count="1" type="stmt"/>
        <line num="261" count="1" type="stmt"/>
        <line num="262" count="1" type="stmt"/>
        <line num="263" count="1" type="stmt"/>
        <line num="264" count="1" type="stmt"/>
        <line num="265" count="1" type="stmt"/>
        <line num="266" count="1" type="stmt"/>
        <line num="267" count="1" type="stmt"/>
        <line num="268" count="1" type="stmt"/>
        <line num="269" count="1" type="stmt"/>
        <line num="270" count="1" type="stmt"/>
        <line num="271" count="1" type="stmt"/>
        <line num="272" count="1" type="stmt"/>
        <line num="273" count="1" type="stmt"/>
        <line num="274" count="1" type="stmt"/>
        <line num="275" count="1" type="stmt"/>
        <line num="276" count="1" type="stmt"/>
        <line num="277" count="1" type="stmt"/>
        <line num="278" count="1" type="stmt"/>
        <line num="279" count="1" type="stmt"/>
        <line num="280" count="1" type="stmt"/>
        <line num="281" count="1" type="stmt"/>
        <line num="282" count="1" type="stmt"/>
        <line num="283" count="1" type="stmt"/>
        <line num="284" count="1" type="stmt"/>
        <line num="285" count="1" type="stmt"/>
        <line num="286" count="1" type="stmt"/>
        <line num="287" count="1" type="stmt"/>
        <line num="288" count="1" type="stmt"/>
        <line num="289" count="1" type="stmt"/>
        <line num="290" count="1" type="stmt"/>
        <line num="291" count="1" type="stmt"/>
        <line num="292" count="1" type="stmt"/>
        <line num="293" count="1" type="stmt"/>
        <line num="294" count="1" type="stmt"/>
        <line num="295" count="1" type="stmt"/>
        <line num="296" count="1" type="stmt"/>
        <line num="297" count="1" type="stmt"/>
        <line num="298" count="1" type="stmt"/>
        <line num="299" count="1" type="stmt"/>
        <line num="300" count="1" type="stmt"/>
        <line num="301" count="1" type="stmt"/>
        <line num="302" count="1" type="stmt"/>
        <line num="303" count="1" type="stmt"/>
        <line num="304" count="1" type="stmt"/>
        <line num="305" count="1" type="stmt"/>
        <line num="306" count="1" type="stmt"/>
        <line num="307" count="1" type="stmt"/>
        <line num="308" count="1" type="stmt"/>
        <line num="309" count="1" type="stmt"/>
        <line num="310" count="1" type="stmt"/>
        <line num="311" count="1" type="stmt"/>
        <line num="312" count="1" type="stmt"/>
        <line num="313" count="1" type="stmt"/>
        <line num="314" count="1" type="stmt"/>
        <line num="315" count="1" type="stmt"/>
        <line num="316" count="1" type="stmt"/>
        <line num="317" count="1" type="stmt"/>
        <line num="318" count="1" type="stmt"/>
        <line num="319" count="1" type="stmt"/>
        <line num="320" count="1" type="stmt"/>
        <line num="321" count="1" type="stmt"/>
        <line num="322" count="1" type="stmt"/>
        <line num="323" count="1" type="stmt"/>
        <line num="324" count="1" type="stmt"/>
        <line num="325" count="1" type="stmt"/>
        <line num="326" count="1" type="stmt"/>
        <line num="327" count="1" type="stmt"/>
        <line num="328" count="1" type="stmt"/>
        <line num="329" count="1" type="stmt"/>
        <line num="330" count="1" type="stmt"/>
        <line num="331" count="1" type="stmt"/>
        <line num="332" count="1" type="stmt"/>
        <line num="333" count="1" type="stmt"/>
        <line num="334" count="1" type="stmt"/>
        <line num="335" count="1" type="stmt"/>
        <line num="336" count="1" type="stmt"/>
        <line num="337" count="1" type="stmt"/>
        <line num="338" count="1" type="stmt"/>
        <line num="339" count="1" type="stmt"/>
        <line num="340" count="1" type="stmt"/>
        <line num="341" count="1" type="stmt"/>
        <line num="342" count="1" type="stmt"/>
        <line num="343" count="1" type="stmt"/>
        <line num="344" count="1" type="stmt"/>
        <line num="345" count="1" type="stmt"/>
        <line num="346" count="1" type="stmt"/>
        <line num="347" count="1" type="stmt"/>
        <line num="348" count="1" type="stmt"/>
        <line num="349" count="1" type="stmt"/>
        <line num="350" count="1" type="stmt"/>
        <line num="351" count="1" type="stmt"/>
        <line num="352" count="1" type="stmt"/>
        <line num="353" count="1" type="stmt"/>
        <line num="354" count="1" type="stmt"/>
        <line num="355" count="1" type="stmt"/>
        <line num="356" count="1" type="stmt"/>
        <line num="357" count="1" type="stmt"/>
        <line num="358" count="1" type="stmt"/>
        <line num="359" count="1" type="stmt"/>
        <line num="360" count="1" type="stmt"/>
        <line num="361" count="1" type="stmt"/>
        <line num="362" count="1" type="stmt"/>
        <line num="363" count="1" type="stmt"/>
        <line num="364" count="1" type="stmt"/>
        <line num="365" count="1" type="stmt"/>
        <line num="366" count="1" type="stmt"/>
        <line num="367" count="1" type="stmt"/>
        <line num="368" count="1" type="stmt"/>
        <line num="369" count="1" type="stmt"/>
        <line num="370" count="1" type="stmt"/>
        <line num="371" count="1" type="stmt"/>
        <line num="372" count="1" type="stmt"/>
        <line num="373" count="1" type="stmt"/>
        <line num="374" count="1" type="stmt"/>
        <line num="375" count="1" type="stmt"/>
        <line num="376" count="1" type="stmt"/>
        <line num="377" count="1" type="stmt"/>
        <line num="378" count="1" type="stmt"/>
        <line num="379" count="1" type="stmt"/>
        <line num="380" count="1" type="stmt"/>
        <line num="381" count="1" type="stmt"/>
        <line num="382" count="1" type="stmt"/>
        <line num="383" count="1" type="stmt"/>
        <line num="384" count="1" type="stmt"/>
        <line num="385" count="1" type="stmt"/>
        <line num="386" count="1" type="stmt"/>
        <line num="387" count="1" type="stmt"/>
        <line num="388" count="1" type="stmt"/>
        <line num="389" count="1" type="stmt"/>
        <line num="390" count="1" type="stmt"/>
        <line num="391" count="1" type="stmt"/>
        <line num="392" count="1" type="stmt"/>
        <line num="393" count="1" type="stmt"/>
        <line num="394" count="1" type="stmt"/>
        <line num="395" count="1" type="stmt"/>
        <line num="396" count="1" type="stmt"/>
        <line num="397" count="1" type="stmt"/>
        <line num="398" count="1" type="stmt"/>
        <line num="399" count="1" type="stmt"/>
        <line num="400" count="1" type="stmt"/>
        <line num="401" count="1" type="stmt"/>
        <line num="402" count="1" type="stmt"/>
        <line num="403" count="1" type="stmt"/>
        <line num="404" count="1" type="stmt"/>
        <line num="405" count="1" type="stmt"/>
        <line num="406" count="1" type="stmt"/>
        <line num="407" count="1" type="stmt"/>
        <line num="408" count="1" type="stmt"/>
        <line num="409" count="1" type="stmt"/>
        <line num="410" count="1" type="stmt"/>
        <line num="411" count="1" type="stmt"/>
        <line num="412" count="1" type="stmt"/>
        <line num="413" count="1" type="stmt"/>
        <line num="414" count="1" type="stmt"/>
        <line num="415" count="1" type="stmt"/>
        <line num="416" count="1" type="stmt"/>
        <line num="417" count="1" type="stmt"/>
        <line num="418" count="1" type="stmt"/>
        <line num="419" count="1" type="stmt"/>
        <line num="420" count="1" type="stmt"/>
        <line num="421" count="1" type="stmt"/>
        <line num="422" count="1" type="stmt"/>
        <line num="423" count="1" type="stmt"/>
        <line num="424" count="1" type="stmt"/>
        <line num="425" count="1" type="stmt"/>
        <line num="426" count="1" type="stmt"/>
        <line num="427" count="1" type="stmt"/>
        <line num="428" count="1" type="stmt"/>
        <line num="429" count="1" type="stmt"/>
        <line num="430" count="1" type="stmt"/>
        <line num="431" count="1" type="stmt"/>
        <line num="432" count="1" type="stmt"/>
        <line num="433" count="1" type="stmt"/>
        <line num="434" count="1" type="stmt"/>
        <line num="435" count="1" type="stmt"/>
        <line num="436" count="1" type="stmt"/>
        <line num="437" count="1" type="stmt"/>
        <line num="438" count="1" type="stmt"/>
        <line num="439" count="1" type="stmt"/>
        <line num="440" count="1" type="stmt"/>
        <line num="441" count="1" type="stmt"/>
        <line num="442" count="1" type="stmt"/>
        <line num="443" count="1" type="stmt"/>
        <line num="444" count="1" type="stmt"/>
        <line num="445" count="1" type="stmt"/>
        <line num="446" count="1" type="stmt"/>
        <line num="447" count="1" type="stmt"/>
        <line num="448" count="1" type="stmt"/>
        <line num="449" count="1" type="stmt"/>
        <line num="450" count="1" type="stmt"/>
        <line num="451" count="1" type="stmt"/>
        <line num="452" count="1" type="stmt"/>
        <line num="453" count="1" type="stmt"/>
        <line num="454" count="1" type="stmt"/>
        <line num="455" count="1" type="stmt"/>
        <line num="456" count="1" type="stmt"/>
        <line num="457" count="1" type="stmt"/>
        <line num="458" count="1" type="stmt"/>
        <line num="459" count="1" type="stmt"/>
        <line num="460" count="1" type="stmt"/>
        <line num="461" count="1" type="stmt"/>
        <line num="462" count="1" type="stmt"/>
        <line num="463" count="1" type="stmt"/>
        <line num="464" count="1" type="stmt"/>
        <line num="465" count="1" type="stmt"/>
        <line num="466" count="1" type="stmt"/>
        <line num="467" count="1" type="stmt"/>
        <line num="468" count="1" type="stmt"/>
        <line num="469" count="1" type="stmt"/>
        <line num="470" count="1" type="stmt"/>
        <line num="471" count="1" type="stmt"/>
        <line num="472" count="1" type="stmt"/>
        <line num="473" count="1" type="stmt"/>
        <line num="474" count="1" type="stmt"/>
        <line num="475" count="1" type="stmt"/>
        <line num="476" count="1" type="stmt"/>
        <line num="477" count="1" type="stmt"/>
        <line num="478" count="1" type="stmt"/>
        <line num="479" count="1" type="stmt"/>
        <line num="480" count="1" type="stmt"/>
        <line num="481" count="1" type="stmt"/>
        <line num="482" count="1" type="stmt"/>
        <line num="483" count="1" type="stmt"/>
        <line num="484" count="1" type="stmt"/>
        <line num="485" count="1" type="stmt"/>
        <line num="486" count="1" type="stmt"/>
        <line num="487" count="1" type="stmt"/>
        <line num="488" count="1" type="stmt"/>
        <line num="489" count="1" type="stmt"/>
        <line num="490" count="1" type="stmt"/>
        <line num="491" count="1" type="stmt"/>
        <line num="492" count="1" type="stmt"/>
        <line num="493" count="1" type="stmt"/>
        <line num="494" count="1" type="stmt"/>
        <line num="495" count="1" type="stmt"/>
        <line num="496" count="1" type="stmt"/>
        <line num="497" count="1" type="stmt"/>
        <line num="498" count="1" type="stmt"/>
        <line num="499" count="1" type="stmt"/>
        <line num="500" count="1" type="stmt"/>
        <line num="501" count="1" type="stmt"/>
        <line num="502" count="1" type="stmt"/>
        <line num="503" count="1" type="stmt"/>
        <line num="504" count="1" type="stmt"/>
        <line num="505" count="1" type="stmt"/>
        <line num="506" count="1" type="stmt"/>
        <line num="507" count="1" type="stmt"/>
        <line num="508" count="1" type="stmt"/>
        <line num="509" count="1" type="stmt"/>
        <line num="510" count="1" type="stmt"/>
        <line num="511" count="1" type="stmt"/>
        <line num="512" count="1" type="stmt"/>
        <line num="513" count="1" type="stmt"/>
        <line num="514" count="1" type="stmt"/>
        <line num="515" count="1" type="stmt"/>
        <line num="516" count="1" type="stmt"/>
        <line num="517" count="1" type="stmt"/>
        <line num="518" count="1" type="stmt"/>
        <line num="519" count="1" type="stmt"/>
        <line num="520" count="1" type="stmt"/>
        <line num="521" count="1" type="stmt"/>
        <line num="522" count="1" type="stmt"/>
        <line num="523" count="1" type="stmt"/>
        <line num="524" count="1" type="stmt"/>
        <line num="525" count="1" type="stmt"/>
        <line num="526" count="1" type="stmt"/>
        <line num="527" count="1" type="stmt"/>
        <line num="528" count="1" type="stmt"/>
        <line num="529" count="1" type="stmt"/>
        <line num="530" count="1" type="stmt"/>
        <line num="531" count="1" type="stmt"/>
        <line num="532" count="1" type="stmt"/>
        <line num="533" count="1" type="stmt"/>
        <line num="534" count="1" type="stmt"/>
        <line num="535" count="1" type="stmt"/>
        <line num="536" count="1" type="stmt"/>
        <line num="537" count="1" type="stmt"/>
        <line num="538" count="1" type="stmt"/>
        <line num="539" count="1" type="stmt"/>
        <line num="540" count="1" type="stmt"/>
        <line num="541" count="1" type="stmt"/>
        <line num="542" count="1" type="stmt"/>
        <line num="543" count="1" type="stmt"/>
        <line num="544" count="1" type="stmt"/>
        <line num="545" count="1" type="stmt"/>
        <line num="546" count="1" type="stmt"/>
        <line num="547" count="1" type="stmt"/>
        <line num="548" count="1" type="stmt"/>
        <line num="549" count="1" type="stmt"/>
        <line num="550" count="1" type="stmt"/>
        <line num="551" count="1" type="stmt"/>
        <line num="552" count="1" type="stmt"/>
        <line num="553" count="1" type="stmt"/>
        <line num="554" count="1" type="stmt"/>
        <line num="555" count="1" type="stmt"/>
        <line num="556" count="1" type="stmt"/>
        <line num="557" count="1" type="stmt"/>
        <line num="558" count="1" type="stmt"/>
        <line num="559" count="1" type="stmt"/>
        <line num="560" count="1" type="stmt"/>
        <line num="561" count="1" type="stmt"/>
        <line num="562" count="1" type="stmt"/>
        <line num="563" count="1" type="stmt"/>
        <line num="564" count="1" type="stmt"/>
        <line num="565" count="1" type="stmt"/>
        <line num="566" count="1" type="stmt"/>
        <line num="567" count="1" type="stmt"/>
        <line num="568" count="1" type="stmt"/>
        <line num="569" count="1" type="stmt"/>
        <line num="570" count="1" type="stmt"/>
        <line num="571" count="1" type="stmt"/>
        <line num="572" count="1" type="stmt"/>
        <line num="573" count="1" type="stmt"/>
        <line num="574" count="1" type="stmt"/>
        <line num="575" count="1" type="stmt"/>
        <line num="576" count="1" type="stmt"/>
        <line num="577" count="1" type="stmt"/>
        <line num="578" count="1" type="stmt"/>
        <line num="579" count="1" type="stmt"/>
        <line num="580" count="1" type="stmt"/>
        <line num="581" count="1" type="stmt"/>
        <line num="582" count="1" type="stmt"/>
        <line num="583" count="1" type="stmt"/>
        <line num="584" count="1" type="stmt"/>
        <line num="585" count="1" type="stmt"/>
        <line num="586" count="1" type="stmt"/>
        <line num="587" count="1" type="stmt"/>
        <line num="588" count="1" type="stmt"/>
        <line num="589" count="1" type="stmt"/>
        <line num="590" count="1" type="stmt"/>
        <line num="591" count="1" type="stmt"/>
        <line num="592" count="1" type="stmt"/>
        <line num="593" count="1" type="stmt"/>
        <line num="594" count="1" type="stmt"/>
        <line num="595" count="1" type="stmt"/>
        <line num="596" count="1" type="stmt"/>
        <line num="597" count="1" type="stmt"/>
        <line num="598" count="1" type="stmt"/>
        <line num="599" count="1" type="stmt"/>
      </file>
      <file name="index.ts" path="/Users/kqli/Desktop/Git/src/sample-cases/index.ts">
        <metrics statements="4" coveredstatements="4" conditionals="2" coveredconditionals="1" methods="0" coveredmethods="0"/>
        <line num="1" count="1" type="stmt"/>
        <line num="4" count="1" type="stmt"/>
        <line num="6" count="1" type="cond" truecount="0" falsecount="1"/>
        <line num="8" count="1" type="cond" truecount="1" falsecount="0"/>
      </file>
      <file name="types.ts" path="/Users/kqli/Desktop/Git/src/sample-cases/types.ts">
        <metrics statements="0" coveredstatements="0" conditionals="1" coveredconditionals="1" methods="1" coveredmethods="1"/>
      </file>
    </package>
  </project>
</coverage>
